Upload complete.
shows/DjangoHour/215-django_reinhardt-folie_a_amphion.mp3
Upload complete.
shows/DjangoHour/209-django_reinhardt-nuages.mp3
Upload complete.
shows/DjangoHour/116-django_reinhardt-swingtime_in_springtime.mp3
Upload complete.
shows/DjangoHour/111-django_reinhardt-danse_norvegienne.mp3
Upload complete.
shows/DjangoHour/216-django_reinhardt-swing_guitars.mp3
Upload complete.
shows/DjangoHour/114-django_reinhardt-confessin.mp3
Upload complete.
shows/DjangoHour/207-django_reinhardt-peche_a_la_mouche.mp3
Upload complete.
shows/DjangoHour/217-django_reinhardt-belleville.mp3
Upload complete.
shows/DjangoHour/219-django_reinhardt-swing_de_paris.mp3
Upload complete.
shows/DjangoHour/120-django_reinhardt-swing_39.mp3
Upload complete.
shows/DjangoHour/203-django_reinhardt-dinettte.mp3
Upload complete.
shows/DjangoHour/108-django_reinhardt-mano.mp3
Upload complete.
shows/DjangoHour/115-django_reinhardt-night_and_day.mp3
Upload complete.
shows/DjangoHour/201-django_reinhardt-melodie_au_crepuscule.mp3
Upload complete.
shows/DjangoHour/119-django_reinhardt-babik.mp3
Upload complete.
shows/DjangoHour/101-django_reinhardt-topsy.mp3
Upload complete.
shows/DjangoHour/102-django_reinhardt-september_song.mp3
Upload complete.
shows/DjangoHour/109-django_reinhardt-blues_primitif.mp3
Upload complete.
shows/DjangoHour/208-django_reinhardt-stockholm.mp3
Upload complete.
shows/DjangoHour/204-django_reinhardt-minor_swing.mp3
Upload complete.
shows/DjangoHour/105-django_reinhardt-anniversary_song.mp3
Upload complete.
shows/DjangoHour/112-django_reinhardt-blues_for_barclay_(take_1).mp3
Upload complete.
shows/DjangoHour/110-django_reinhardt-blues_clair.mp3
Upload complete.
shows/DjangoHour/205-django_reinhardt-swing_41.mp3
Upload complete.
shows/DjangoHour/103-django_reinhardt-moppin_the_bride_(micro).mp3
Upload complete.
shows/DjangoHour/218-django_reinhardt-douce_ambiance.mp3
Upload complete.
shows/DjangoHour/212-django_reinhardt-sweet_chorus.mp3
Upload complete.
shows/DjangoHour/118-django_reinhardt-manor_de_mes_reves.mp3
Upload complete.
shows/DjangoHour/214-django_reinhardt-song_dautomne.mp3
Upload complete.
shows/DjangoHour/210-django_reinhardt-del_salle.mp3
Upload complete.
shows/DjangoHour/213-django_reinhardt-crepuscule.mp3
Upload complete.
shows/DjangoHour/206-django_reinhardt-artillerie_lourde.mp3
Upload complete.
shows/DjangoHour/211-django_reinhardt-vendredi_13.mp3
Upload complete.
shows/DjangoHour/107-django_reinhardt-djangos_blues.mp3
Upload complete.
shows/DjangoHour/106-django_reinhardt-swing_48.mp3
Upload complete.
shows/DjangoHour/117-django_reinhardt-blues_in_mineur.mp3
Upload complete.
shows/DjangoHour/113-django_reinhardt-ill_never_smile_again_(take_2).mp3
Upload complete.
shows/DjangoHour/104-django_reinhardt-brazil.mp3
Upload complete.
shows/DjangoHour/202-django_reinhardt-feerie.mp3
Upload complete.
shows/DjangoHour/01. Daphne.mp3
Upload complete.
shows/DjangoHour/04. Jersey Bounce.mp3
Upload complete.
shows/DjangoHour/16. Sophisticated Lady.mp3
Upload complete.
shows/DjangoHour/11. Brick Top.mp3
Upload complete.
shows/DjangoHour/03. Marie.mp3
Upload complete.
shows/DjangoHour/18. Royal Garden Blues.mp3
Upload complete.
shows/DjangoHour/14. Honeysuckle Rose.mp3
Upload complete.
shows/DjangoHour/08. After You’ve Gone.mp3
Upload complete.
shows/DjangoHour/06. Halleluyah.mp3
Upload complete.
shows/DjangoHour/13. I Got Rhythm.mp3
Upload complete.
shows/DjangoHour/02. I’ll Never Be The Same.mp3
Upload complete.
shows/DjangoHour/07. Anniversary Song.mp3
Upload complete.
shows/DjangoHour/12. Lover Man (Oh, Where Can You Be).mp3
Upload complete.
shows/DjangoHour/10. Stormy Weather.mp3
Upload complete.
shows/DjangoHour/09. Swing 42.mp3
Upload complete.
shows/DjangoHour/05. I Surrender Dear.mp3
Upload complete.
shows/DjangoHour/17. Darktown Strutter’s Ball.mp3
Upload complete.
shows/DjangoHour/15. Saint-Louis Blues.mp3
Upload complete.
shows/DjangoHour/06. Menilmontant.mp3
Upload complete.
shows/DjangoHour/10. Swing Guitars.mp3
Upload complete.
shows/DjangoHour/14. Heavy Artillery (Artillerie Lourde).mp3
Upload complete.
shows/DjangoHour/11. All The Things You Are.mp3
Upload complete.
shows/DjangoHour/13. September Song.mp3
Upload complete.
shows/DjangoHour/16. Djangology.mp3
Upload complete.
shows/DjangoHour/18. Russian Songs Medley.mp3
Upload complete.
shows/DjangoHour/09. Nuages.mp3
Upload complete.
shows/DjangoHour/05. Dream Of You.mp3
Upload complete.
shows/DjangoHour/08. I Saw Stars.mp3
Upload complete.
shows/DjangoHour/07. It’s Only A Paper Moon.mp3
Upload complete.
shows/DjangoHour/04. Django Castle (Le Manoir De Mes Reves).mp3
Upload complete.
shows/DjangoHour/02. Beyond The Sea.mp3
Upload complete.
shows/DjangoHour/17. Ou Es-Tu Mon Amour？.mp3
Upload complete.
shows/DjangoHour/15. Improvisation On Tchaikowsky’s ''Pathetique'' Andante.mp3
Upload complete.
shows/DjangoHour/12. A Tisket A Tasket.mp3
Upload complete.
shows/DjangoHour/03. The World Is Waiting For The Sunrise.mp3
Upload complete.
shows/DjangoHour/01. Minor Swing.mp3
