Starting R2 upload Tue May 26 03:57:11 PM CDT 2026
Found 160 files to upload...
ERR: music/34 Bugle Call Rag.mp3 вҖ” 
 вӣ…пёҸ wrangler 4.95.0
в”Җв”Җв”Җв”Җв”Җв”Җв”Җв”Җв”Җв”Җв”Җв”Җв”Җв”Җв”Җв”Җв”Җв”Җв”Җ
Resource location: local 

Use --remote if you want to access the remote instance.

Creating object "music/34 Bugle Call Rag.mp3" in bucket "wold-pm".
Upload complete.
ERR: music/59 Cherokee.mp3 вҖ” 
 вӣ…пёҸ wrangler 4.95.0
в”Җв”Җв”Җв”Җв”Җв”Җв”Җв”Җв”Җв”Җв”Җв”Җв”Җв”Җв”Җв”Җв”Җв”Җв”Җ
Resource location: local 

Use --remote if you want to access the remote instance.

Creating object "music/59 Cherokee.mp3" in bucket "wold-pm".
Upload complete.
ERR: music/19 I Love the Rhythm in a Riff.mp3 вҖ” 
 вӣ…пёҸ wrangler 4.95.0
в”Җв”Җв”Җв”Җв”Җв”Җв”Җв”Җв”Җв”Җв”Җв”Җв”Җв”Җв”Җв”Җв”Җв”Җв”Җ
Resource location: local 

Use --remote if you want to access the remote instance.

Creating object "music/19 I Love the Rhythm in a Riff.mp3" in bucket "wold-pm".
Upload complete.
ERR: music/22 On the Sunny Side of the Street.mp3 вҖ” 
 вӣ…пёҸ wrangler 4.95.0
в”Җв”Җв”Җв”Җв”Җв”Җв”Җв”Җв”Җв”Җв”Җв”Җв”Җв”Җв”Җв”Җв”Җв”Җв”Җ
Resource location: local 

Use --remote if you want to access the remote instance.

Creating object "music/22 On the Sunny Side of the Street.mp3" in bucket "wold-pm".
Upload complete.
ERR: music/01 Skyliner.mp3 вҖ” 
 вӣ…пёҸ wrangler 4.95.0
в”Җв”Җв”Җв”Җв”Җв”Җв”Җв”Җв”Җв”Җв”Җв”Җв”Җв”Җв”Җв”Җв”Җв”Җв”Җ
Resource location: local 

Use --remote if you want to access the remote instance.

Creating object "music/01 Skyliner.mp3" in bucket "wold-pm".
Upload complete.
ERR: music/49 Frenesi.mp3 вҖ” 
 вӣ…пёҸ wrangler 4.95.0
в”Җв”Җв”Җв”Җв”Җв”Җв”Җв”Җв”Җв”Җв”Җв”Җв”Җв”Җв”Җв”Җв”Җв”Җв”Җ
Resource location: local 

Use --remote if you want to access the remote instance.

Creating object "music/49 Frenesi.mp3" in bucket "wold-pm".
Upload complete.
ERR: music/64 Close to Five.mp3 вҖ” 
 вӣ…пёҸ wrangler 4.95.0
в”Җв”Җв”Җв”Җв”Җв”Җв”Җв”Җв”Җв”Җв”Җв”Җв”Җв”Җв”Җв”Җв”Җв”Җв”Җ
Resource location: local 

Use --remote if you want to access the remote instance.

Creating object "music/64 Close to Five.mp3" in bucket "wold-pm".
Upload complete.
ERR: music/62 Echoes of Harlem.mp3 вҖ” 
 вӣ…пёҸ wrangler 4.95.0
в”Җв”Җв”Җв”Җв”Җв”Җв”Җв”Җв”Җв”Җв”Җв”Җв”Җв”Җв”Җв”Җв”Җв”Җв”Җ
Resource location: local 

Use --remote if you want to access the remote instance.

Creating object "music/62 Echoes of Harlem.mp3" in bucket "wold-pm".
workerd/api/r2-rpc.c++:250: warning: R2 error response does not contain the CF-R2-Error header.; response.statusCode = 500

[31mвңҳ [41;31m[[41;97mERROR[41;31m][0m [1mput: Unspecified error (0)[0m


[32mIf you think this is a bug then please create an issue at https://github.com/cloudflare/workers-sdk/issues/new/choose[0m
? Would you like to report this error to Cloudflare? Wrangler's output and the error details will be shared with the Wrangler team to help us diagnose and fix the issue.
рҹӨ– Using fallback value in non-interactive context: no
рҹӘө  Logs were written to "/home/ron/.config/.wrangler/logs/wrangler-2026-05-26_20-57-13_515.log"
Done Tue May 26 03:57:13 PM CDT 2026
